The system is: Windows - 10.0.18363 - AMD64
Compiling the C compiler identification source file "CMakeCCompilerId.c" succeeded.
Compiler: C:/Program Files (x86)/Microsoft Visual Studio/2019/Community/VC/Tools/MSVC/14.24.28314/bin/Hostx86/x86/cl.exe 
Build flags: 
Id flags:  

The output was:
0
Microsoft (R) C/C++ Optimizing Compiler Version 19.24.28314 for x86
Copyright (C) Microsoft Corporation.  著作權所有，並保留一切權利。

CMakeCCompilerId.c
Microsoft (R) Incremental Linker Version 14.24.28314.0
Copyright (C) Microsoft Corporation.  All rights reserved.

/out:CMakeCCompilerId.exe 
CMakeCCompilerId.obj 


Compilation of the C compiler identification source "CMakeCCompilerId.c" produced "CMakeCCompilerId.exe"

Compilation of the C compiler identification source "CMakeCCompilerId.c" produced "CMakeCCompilerId.obj"

The C compiler identification is MSVC, found in "C:/Storage/Github/StudyNotes/DataStructureWithC/cmake-build-debug/CMakeFiles/3.15.3/CompilerIdC/CMakeCCompilerId.exe"

Determining if the C compiler works passed with the following output:
Change Dir: C:/Storage/Github/StudyNotes/DataStructureWithC/cmake-build-debug/CMakeFiles/CMakeTmp

Run Build Command(s):nmake /nologo cmTC_9d40b\fast && 	"C:\Program Files (x86)\Microsoft Visual Studio\2019\Community\VC\Tools\MSVC\14.24.28314\bin\HostX86\x86\nmake.exe" -f CMakeFiles\cmTC_9d40b.dir\build.make /nologo -L                  CMakeFiles\cmTC_9d40b.dir\build
Building C object CMakeFiles/cmTC_9d40b.dir/testCCompiler.c.obj
	C:\PROGRA~2\MICROS~1\2019\COMMUN~1\VC\Tools\MSVC\1424~1.283\bin\Hostx86\x86\cl.exe @C:\Users\ricardo\AppData\Local\Temp\nm64AF.tmp
testCCompiler.c
Linking C executable cmTC_9d40b.exe
	"C:\Program Files\JetBrains\CLion 2019.3.2\bin\cmake\win\bin\cmake.exe" -E vs_link_exe --intdir=CMakeFiles\cmTC_9d40b.dir --rc=C:\PROGRA~2\WI3CF2~1\10\bin\100183~1.0\x86\rc.exe --mt=C:\PROGRA~2\WI3CF2~1\10\bin\100183~1.0\x86\mt.exe --manifests  -- C:\PROGRA~2\MICROS~1\2019\COMMUN~1\VC\Tools\MSVC\1424~1.283\bin\Hostx86\x86\link.exe /nologo @CMakeFiles\cmTC_9d40b.dir\objects1.rsp @C:\Users\ricardo\AppData\Local\Temp\nm66F2.tmp



Detecting C compiler ABI info compiled with the following output:
Change Dir: C:/Storage/Github/StudyNotes/DataStructureWithC/cmake-build-debug/CMakeFiles/CMakeTmp

Run Build Command(s):nmake /nologo cmTC_e2d56\fast && 	"C:\Program Files (x86)\Microsoft Visual Studio\2019\Community\VC\Tools\MSVC\14.24.28314\bin\HostX86\x86\nmake.exe" -f CMakeFiles\cmTC_e2d56.dir\build.make /nologo -L                  CMakeFiles\cmTC_e2d56.dir\build
Building C object CMakeFiles/cmTC_e2d56.dir/CMakeCCompilerABI.c.obj
	C:\PROGRA~2\MICROS~1\2019\COMMUN~1\VC\Tools\MSVC\1424~1.283\bin\Hostx86\x86\cl.exe @C:\Users\ricardo\AppData\Local\Temp\nm69FF.tmp
CMakeCCompilerABI.c
Linking C executable cmTC_e2d56.exe
	"C:\Program Files\JetBrains\CLion 2019.3.2\bin\cmake\win\bin\cmake.exe" -E vs_link_exe --intdir=CMakeFiles\cmTC_e2d56.dir --rc=C:\PROGRA~2\WI3CF2~1\10\bin\100183~1.0\x86\rc.exe --mt=C:\PROGRA~2\WI3CF2~1\10\bin\100183~1.0\x86\mt.exe --manifests  -- C:\PROGRA~2\MICROS~1\2019\COMMUN~1\VC\Tools\MSVC\1424~1.283\bin\Hostx86\x86\link.exe /nologo @CMakeFiles\cmTC_e2d56.dir\objects1.rsp @C:\Users\ricardo\AppData\Local\Temp\nm6B48.tmp



